# JRE version: Java(TM) SE Runtime Environment (8.0_121-b13) (build 1.8.0_121-b13)
# Java VM: Java HotSpot(TM) 64-Bit Server VM (25.121-b13 mixed mode linux-amd64 compressed oops)
Heap:
 PSYoungGen      total 327680K, used 228723K [0x00000000eb600000, 0x00000000fff80000, 0x0000000100000000)
  eden space 317952K, 69% used [0x00000000eb600000,0x00000000f8e7b5d0,0x00000000fec80000)
  from space 9728K, 72% used [0x00000000ff600000,0x00000000ffce1830,0x00000000fff80000)
  to   space 9728K, 0% used [0x00000000fec80000,0x00000000fec80000,0x00000000ff600000)
 ParOldGen       total 51712K, used 26199K [0x00000000c2200000, 0x00000000c5480000, 0x00000000eb600000)
  object space 51712K, 50% used [0x00000000c2200000,0x00000000c3b95f78,0x00000000c5480000)
 Metaspace       used 28435K, capacity 28758K, committed 29056K, reserved 1075200K
  class space    used 3549K, capacity 3627K, committed 3712K, reserved 1048576K
GC Heap History (10 events):
Event: 7.894 GC heap before
{Heap before GC invocations=7 (full 0):
 PSYoungGen      total 135168K, used 132881K [0x00000000eb600000, 0x00000000f4200000, 0x0000000100000000)
  eden space 126976K, 100% used [0x00000000eb600000,0x00000000f3200000,0x00000000f3200000)
  from space 8192K, 72% used [0x00000000f3a00000,0x00000000f3fc44c8,0x00000000f4200000)
  to   space 8192K, 0% used [0x00000000f3200000,0x00000000f3200000,0x00000000f3a00000)
 ParOldGen       total 42496K, used 15338K [0x00000000c2200000, 0x00000000c4b80000, 0x00000000eb600000)
  object space 42496K, 36% used [0x00000000c2200000,0x00000000c30fa9e0,0x00000000c4b80000)
 Metaspace       used 17998K, capacity 18180K, committed 18432K, reserved 1064960K
  class space    used 2181K, capacity 2233K, committed 2304K, reserved 1048576K
Event: 7.926 GC heap after
Heap after GC invocations=7 (full 0):
 PSYoungGen      total 135168K, used 6271K [0x00000000eb600000, 0x00000000fbe00000, 0x0000000100000000)
  eden space 126976K, 0% used [0x00000000eb600000,0x00000000eb600000,0x00000000f3200000)
  from space 8192K, 76% used [0x00000000f3200000,0x00000000f381ff38,0x00000000f3a00000)
  to   space 8192K, 0% used [0x00000000fb600000,0x00000000fb600000,0x00000000fbe00000)
 ParOldGen       total 42496K, used 17582K [0x00000000c2200000, 0x00000000c4b80000, 0x00000000eb600000)
  object space 42496K, 41% used [0x00000000c2200000,0x00000000c332ba90,0x00000000c4b80000)
 Metaspace       used 17998K, capacity 18180K, committed 18432K, reserved 1064960K
  class space    used 2181K, capacity 2233K, committed 2304K, reserved 1048576K
}
Event: 8.919 GC heap before
{Heap before GC invocations=8 (full 0):
 PSYoungGen      total 135168K, used 133247K [0x00000000eb600000, 0x00000000fbe00000, 0x0000000100000000)
  eden space 126976K, 100% used [0x00000000eb600000,0x00000000f3200000,0x00000000f3200000)
  from space 8192K, 76% used [0x00000000f3200000,0x00000000f381ff38,0x00000000f3a00000)
  to   space 8192K, 0% used [0x00000000fb600000,0x00000000fb600000,0x00000000fbe00000)
 ParOldGen       total 42496K, used 17582K [0x00000000c2200000, 0x00000000c4b80000, 0x00000000eb600000)
  object space 42496K, 41% used [0x00000000c2200000,0x00000000c332ba90,0x00000000c4b80000)
 Metaspace       used 18308K, capacity 18474K, committed 18688K, reserved 1064960K
  class space    used 2228K, capacity 2266K, committed 2304K, reserved 1048576K
Event: 9.049 GC heap after
Heap after GC invocations=8 (full 0):
 PSYoungGen      total 260608K, used 8177K [0x00000000eb600000, 0x00000000fc100000, 0x0000000100000000)
  eden space 252416K, 0% used [0x00000000eb600000,0x00000000eb600000,0x00000000fac80000)
  from space 8192K, 99% used [0x00000000fb600000,0x00000000fbdfc7e8,0x00000000fbe00000)
  to   space 9728K, 0% used [0x00000000fac80000,0x00000000fac80000,0x00000000fb600000)
 ParOldGen       total 42496K, used 19764K [0x00000000c2200000, 0x00000000c4b80000, 0x00000000eb600000)
  object space 42496K, 46% used [0x00000000c2200000,0x00000000c354d198,0x00000000c4b80000)
 Metaspace       used 18308K, capacity 18474K, committed 18688K, reserved 1064960K
  class space    used 2228K, capacity 2266K, committed 2304K, reserved 1048576K
}
Event: 11.353 GC heap before
{Heap before GC invocations=9 (full 0):
 PSYoungGen      total 260608K, used 231887K [0x00000000eb600000, 0x00000000fc100000, 0x0000000100000000)
  eden space 252416K, 88% used [0x00000000eb600000,0x00000000f90776c8,0x00000000fac80000)
  from space 8192K, 99% used [0x00000000fb600000,0x00000000fbdfc7e8,0x00000000fbe00000)
  to   space 9728K, 0% used [0x00000000fac80000,0x00000000fac80000,0x00000000fb600000)
 ParOldGen       total 42496K, used 19764K [0x00000000c2200000, 0x00000000c4b80000, 0x00000000eb600000)
  object space 42496K, 46% used [0x00000000c2200000,0x00000000c354d198,0x00000000c4b80000)
 Metaspace       used 20931K, capacity 21160K, committed 21296K, reserved 1069056K
  class space    used 2608K, capacity 2687K, committed 2688K, reserved 1048576K
Event: 11.412 GC heap after
Heap after GC invocations=9 (full 0):
 PSYoungGen      total 262144K, used 7718K [0x00000000eb600000, 0x0000000100000000, 0x0000000100000000)
  eden space 252416K, 0% used [0x00000000eb600000,0x00000000eb600000,0x00000000fac80000)
  from space 9728K, 79% used [0x00000000fac80000,0x00000000fb4099f8,0x00000000fb600000)
  to   space 10240K, 0% used [0x00000000ff600000,0x00000000ff600000,0x0000000100000000)
 ParOldGen       total 42496K, used 21676K [0x00000000c2200000, 0x00000000c4b80000, 0x00000000eb600000)
  object space 42496K, 51% used [0x00000000c2200000,0x00000000c372b308,0x00000000c4b80000)
 Metaspace       used 20931K, capacity 21160K, committed 21296K, reserved 1069056K
  class space    used 2608K, capacity 2687K, committed 2688K, reserved 1048576K
}
Event: 11.413 GC heap before
{Heap before GC invocations=10 (full 1):
 PSYoungGen      total 262144K, used 7718K [0x00000000eb600000, 0x0000000100000000, 0x0000000100000000)
  eden space 252416K, 0% used [0x00000000eb600000,0x00000000eb600000,0x00000000fac80000)
  from space 9728K, 79% used [0x00000000fac80000,0x00000000fb4099f8,0x00000000fb600000)
  to   space 10240K, 0% used [0x00000000ff600000,0x00000000ff600000,0x0000000100000000)
 ParOldGen       total 42496K, used 21676K [0x00000000c2200000, 0x00000000c4b80000, 0x00000000eb600000)
  object space 42496K, 51% used [0x00000000c2200000,0x00000000c372b308,0x00000000c4b80000)
 Metaspace       used 20931K, capacity 21160K, committed 21296K, reserved 1069056K
  class space    used 2608K, capacity 2687K, committed 2688K, reserved 1048576K
Event: 11.586 GC heap after
Heap after GC invocations=10 (full 1):
 PSYoungGen      total 262144K, used 0K [0x00000000eb600000, 0x0000000100000000, 0x0000000100000000)
  eden space 252416K, 0% used [0x00000000eb600000,0x00000000eb600000,0x00000000fac80000)
  from space 9728K, 0% used [0x00000000fac80000,0x00000000fac80000,0x00000000fb600000)
  to   space 10240K, 0% used [0x00000000ff600000,0x00000000ff600000,0x0000000100000000)
 ParOldGen       total 51712K, used 26191K [0x00000000c2200000, 0x00000000c5480000, 0x00000000eb600000)
  object space 51712K, 50% used [0x00000000c2200000,0x00000000c3b93f78,0x00000000c5480000)
 Metaspace       used 20931K, capacity 21160K, committed 21296K, reserved 1069056K
  class space    used 2608K, capacity 2687K, committed 2688K, reserved 1048576K
}
Event: 21.045 GC heap before
{Heap before GC invocations=11 (full 1):
 PSYoungGen      total 262144K, used 252416K [0x00000000eb600000, 0x0000000100000000, 0x0000000100000000)
  eden space 252416K, 100% used [0x00000000eb600000,0x00000000fac80000,0x00000000fac80000)
  from space 9728K, 0% used [0x00000000fac80000,0x00000000fac80000,0x00000000fb600000)
  to   space 10240K, 0% used [0x00000000ff600000,0x00000000ff600000,0x0000000100000000)
 ParOldGen       total 51712K, used 26191K [0x00000000c2200000, 0x00000000c5480000, 0x00000000eb600000)
  object space 51712K, 50% used [0x00000000c2200000,0x00000000c3b93f78,0x00000000c5480000)
 Metaspace       used 26175K, capacity 26412K, committed 26624K, reserved 1073152K
  class space    used 3227K, capacity 3301K, committed 3328K, reserved 1048576K
Event: 21.086 GC heap after
Heap after GC invocations=11 (full 1):
 PSYoungGen      total 327680K, used 7046K [0x00000000eb600000, 0x00000000fff80000, 0x0000000100000000)
  eden space 317952K, 0% used [0x00000000eb600000,0x00000000eb600000,0x00000000fec80000)
  from space 9728K, 72% used [0x00000000ff600000,0x00000000ffce1830,0x00000000fff80000)
  to   space 9728K, 0% used [0x00000000fec80000,0x00000000fec80000,0x00000000ff600000)
 ParOldGen       total 51712K, used 26199K [0x00000000c2200000, 0x00000000c5480000, 0x00000000eb600000)
  object space 51712K, 50% used [0x00000000c2200000,0x00000000c3b95f78,0x00000000c5480000)
 Metaspace       used 26175K, capacity 26412K, committed 26624K, reserved 1073152K
  class space    used 3227K, capacity 3301K, committed 3328K, reserved 1048576K
}

